Feb 01 2022 13:05:12
{"type":2,"message":"count(): Parameter must be an array or an object that implements Countable","file":"\/var\/www\/vhosts\/graffersid.com\/httpdocs\/renaissa\/wp-content\/plugins\/nextgen-gallery\/products\/photocrati_nextgen\/modules\/fs\/package.module.fs.php","line":255}

Mar 15 2022 05:11:04
{"type":2,"message":"preg_match(): Compilation failed: invalid range in character class at offset 30","file":"\/var\/www\/vhosts\/graffersid.com\/httpdocs\/renaissa\/wp-content\/plugins\/nextgen-gallery\/products\/photocrati_nextgen\/modules\/router\/package.module.router.php","line":465}

Mar 15 2022 05:11:05
{"type":2,"message":"count(): Parameter must be an array or an object that implements Countable","file":"\/var\/www\/vhosts\/graffersid.com\/httpdocs\/renaissa\/wp-content\/plugins\/nextgen-gallery\/products\/photocrati_nextgen\/modules\/fs\/package.module.fs.php","line":255}

Mar 15 2022 05:11:05
{"type":2,"message":"preg_match(): Compilation failed: invalid range in character class at offset 30","file":"\/var\/www\/vhosts\/graffersid.com\/httpdocs\/renaissa\/wp-content\/plugins\/nextgen-gallery\/products\/photocrati_nextgen\/modules\/router\/package.module.router.php","line":465}

Mar 15 2022 05:11:06
{"type":2,"message":"preg_match(): Compilation failed: invalid range in character class at offset 30","file":"\/var\/www\/vhosts\/graffersid.com\/httpdocs\/renaissa\/wp-content\/plugins\/nextgen-gallery\/products\/photocrati_nextgen\/modules\/router\/package.module.router.php","line":465}

Mar 15 2022 05:11:08
{"type":2,"message":"preg_match(): Compilation failed: invalid range in character class at offset 30","file":"\/var\/www\/vhosts\/graffersid.com\/httpdocs\/renaissa\/wp-content\/plugins\/nextgen-gallery\/products\/photocrati_nextgen\/modules\/router\/package.module.router.php","line":465}

Mar 15 2022 05:11:19
{"type":2,"message":"preg_match(): Compilation failed: invalid range in character class at offset 30","file":"\/var\/www\/vhosts\/graffersid.com\/httpdocs\/renaissa\/wp-content\/plugins\/nextgen-gallery\/products\/photocrati_nextgen\/modules\/router\/package.module.router.php","line":465}

Mar 15 2022 05:11:30
{"type":2,"message":"preg_match(): Compilation failed: invalid range in character class at offset 30","file":"\/var\/www\/vhosts\/graffersid.com\/httpdocs\/renaissa\/wp-content\/plugins\/nextgen-gallery\/products\/photocrati_nextgen\/modules\/router\/package.module.router.php","line":465}

Mar 15 2022 05:11:34
{"type":2,"message":"preg_match(): Compilation failed: invalid range in character class at offset 30","file":"\/var\/www\/vhosts\/graffersid.com\/httpdocs\/renaissa\/wp-content\/plugins\/nextgen-gallery\/products\/photocrati_nextgen\/modules\/router\/package.module.router.php","line":465}

Mar 15 2022 05:11:36
{"type":2,"message":"preg_match(): Compilation failed: invalid range in character class at offset 30","file":"\/var\/www\/vhosts\/graffersid.com\/httpdocs\/renaissa\/wp-content\/plugins\/nextgen-gallery\/products\/photocrati_nextgen\/modules\/router\/package.module.router.php","line":465}

Mar 15 2022 05:11:36
{"type":2,"message":"preg_match(): Compilation failed: invalid range in character class at offset 30","file":"\/var\/www\/vhosts\/graffersid.com\/httpdocs\/renaissa\/wp-content\/plugins\/nextgen-gallery\/products\/photocrati_nextgen\/modules\/router\/package.module.router.php","line":465}

Mar 15 2022 05:11:37
{"type":2,"message":"preg_match(): Compilation failed: invalid range in character class at offset 30","file":"\/var\/www\/vhosts\/graffersid.com\/httpdocs\/renaissa\/wp-content\/plugins\/nextgen-gallery\/products\/photocrati_nextgen\/modules\/router\/package.module.router.php","line":465}

Mar 15 2022 05:11:38
{"type":2,"message":"preg_match(): Compilation failed: invalid range in character class at offset 30","file":"\/var\/www\/vhosts\/graffersid.com\/httpdocs\/renaissa\/wp-content\/plugins\/nextgen-gallery\/products\/photocrati_nextgen\/modules\/router\/package.module.router.php","line":465}

Mar 29 2022 09:36:33
{"type":2,"message":"preg_match(): Compilation failed: invalid range in character class at offset 30","file":"\/var\/www\/vhosts\/graffersid.com\/httpdocs\/renaissa\/wp-content\/plugins\/nextgen-gallery\/products\/photocrati_nextgen\/modules\/router\/package.module.router.php","line":465}

Mar 29 2022 09:36:33
{"type":2,"message":"count(): Parameter must be an array or an object that implements Countable","file":"\/var\/www\/vhosts\/graffersid.com\/httpdocs\/renaissa\/wp-content\/plugins\/nextgen-gallery\/products\/photocrati_nextgen\/modules\/fs\/package.module.fs.php","line":255}

Mar 29 2022 09:36:34
{"type":2,"message":"preg_match(): Compilation failed: invalid range in character class at offset 30","file":"\/var\/www\/vhosts\/graffersid.com\/httpdocs\/renaissa\/wp-content\/plugins\/nextgen-gallery\/products\/photocrati_nextgen\/modules\/router\/package.module.router.php","line":465}

Mar 29 2022 09:36:34
{"type":2,"message":"preg_match(): Compilation failed: invalid range in character class at offset 30","file":"\/var\/www\/vhosts\/graffersid.com\/httpdocs\/renaissa\/wp-content\/plugins\/nextgen-gallery\/products\/photocrati_nextgen\/modules\/router\/package.module.router.php","line":465}

Mar 29 2022 09:36:37
{"type":2,"message":"preg_match(): Compilation failed: invalid range in character class at offset 30","file":"\/var\/www\/vhosts\/graffersid.com\/httpdocs\/renaissa\/wp-content\/plugins\/nextgen-gallery\/products\/photocrati_nextgen\/modules\/router\/package.module.router.php","line":465}

Mar 29 2022 09:36:47
{"type":2,"message":"preg_match(): Compilation failed: invalid range in character class at offset 30","file":"\/var\/www\/vhosts\/graffersid.com\/httpdocs\/renaissa\/wp-content\/plugins\/nextgen-gallery\/products\/photocrati_nextgen\/modules\/router\/package.module.router.php","line":465}

Mar 29 2022 09:36:58
{"type":2,"message":"preg_match(): Compilation failed: invalid range in character class at offset 30","file":"\/var\/www\/vhosts\/graffersid.com\/httpdocs\/renaissa\/wp-content\/plugins\/nextgen-gallery\/products\/photocrati_nextgen\/modules\/router\/package.module.router.php","line":465}

Mar 29 2022 09:37:05
{"type":2,"message":"preg_match(): Compilation failed: invalid range in character class at offset 30","file":"\/var\/www\/vhosts\/graffersid.com\/httpdocs\/renaissa\/wp-content\/plugins\/nextgen-gallery\/products\/photocrati_nextgen\/modules\/router\/package.module.router.php","line":465}

Mar 29 2022 09:37:09
{"type":2,"message":"preg_match(): Compilation failed: invalid range in character class at offset 30","file":"\/var\/www\/vhosts\/graffersid.com\/httpdocs\/renaissa\/wp-content\/plugins\/nextgen-gallery\/products\/photocrati_nextgen\/modules\/router\/package.module.router.php","line":465}

Mar 29 2022 09:37:10
{"type":2,"message":"preg_match(): Compilation failed: invalid range in character class at offset 30","file":"\/var\/www\/vhosts\/graffersid.com\/httpdocs\/renaissa\/wp-content\/plugins\/nextgen-gallery\/products\/photocrati_nextgen\/modules\/router\/package.module.router.php","line":465}

Mar 29 2022 09:37:10
{"type":2,"message":"preg_match(): Compilation failed: invalid range in character class at offset 30","file":"\/var\/www\/vhosts\/graffersid.com\/httpdocs\/renaissa\/wp-content\/plugins\/nextgen-gallery\/products\/photocrati_nextgen\/modules\/router\/package.module.router.php","line":465}

Mar 29 2022 09:37:11
{"type":2,"message":"preg_match(): Compilation failed: invalid range in character class at offset 30","file":"\/var\/www\/vhosts\/graffersid.com\/httpdocs\/renaissa\/wp-content\/plugins\/nextgen-gallery\/products\/photocrati_nextgen\/modules\/router\/package.module.router.php","line":465}

May 04 2022 11:32:18
{"type":2,"message":"preg_match(): Compilation failed: invalid range in character class at offset 30","file":"\/var\/www\/vhosts\/graffersid.com\/httpdocs\/renaissa\/wp-content\/plugins\/nextgen-gallery\/products\/photocrati_nextgen\/modules\/router\/package.module.router.php","line":465}

May 04 2022 11:32:18
{"type":2,"message":"preg_match(): Compilation failed: invalid range in character class at offset 30","file":"\/var\/www\/vhosts\/graffersid.com\/httpdocs\/renaissa\/wp-content\/plugins\/nextgen-gallery\/products\/photocrati_nextgen\/modules\/router\/package.module.router.php","line":465}

May 04 2022 11:32:19
{"type":2,"message":"preg_match(): Compilation failed: invalid range in character class at offset 30","file":"\/var\/www\/vhosts\/graffersid.com\/httpdocs\/renaissa\/wp-content\/plugins\/nextgen-gallery\/products\/photocrati_nextgen\/modules\/router\/package.module.router.php","line":465}

May 04 2022 11:32:19
{"type":2,"message":"preg_match(): Compilation failed: invalid range in character class at offset 30","file":"\/var\/www\/vhosts\/graffersid.com\/httpdocs\/renaissa\/wp-content\/plugins\/nextgen-gallery\/products\/photocrati_nextgen\/modules\/router\/package.module.router.php","line":465}

May 04 2022 11:32:23
{"type":2,"message":"preg_match(): Compilation failed: invalid range in character class at offset 30","file":"\/var\/www\/vhosts\/graffersid.com\/httpdocs\/renaissa\/wp-content\/plugins\/nextgen-gallery\/products\/photocrati_nextgen\/modules\/router\/package.module.router.php","line":465}

May 04 2022 11:32:33
{"type":2,"message":"preg_match(): Compilation failed: invalid range in character class at offset 30","file":"\/var\/www\/vhosts\/graffersid.com\/httpdocs\/renaissa\/wp-content\/plugins\/nextgen-gallery\/products\/photocrati_nextgen\/modules\/router\/package.module.router.php","line":465}

May 04 2022 11:32:44
{"type":2,"message":"preg_match(): Compilation failed: invalid range in character class at offset 30","file":"\/var\/www\/vhosts\/graffersid.com\/httpdocs\/renaissa\/wp-content\/plugins\/nextgen-gallery\/products\/photocrati_nextgen\/modules\/router\/package.module.router.php","line":465}

May 04 2022 11:32:54
{"type":2,"message":"preg_match(): Compilation failed: invalid range in character class at offset 30","file":"\/var\/www\/vhosts\/graffersid.com\/httpdocs\/renaissa\/wp-content\/plugins\/nextgen-gallery\/products\/photocrati_nextgen\/modules\/router\/package.module.router.php","line":465}

May 04 2022 11:33:00
{"type":2,"message":"preg_match(): Compilation failed: invalid range in character class at offset 30","file":"\/var\/www\/vhosts\/graffersid.com\/httpdocs\/renaissa\/wp-content\/plugins\/nextgen-gallery\/products\/photocrati_nextgen\/modules\/router\/package.module.router.php","line":465}

May 04 2022 11:33:00
{"type":2,"message":"preg_match(): Compilation failed: invalid range in character class at offset 30","file":"\/var\/www\/vhosts\/graffersid.com\/httpdocs\/renaissa\/wp-content\/plugins\/nextgen-gallery\/products\/photocrati_nextgen\/modules\/router\/package.module.router.php","line":465}

May 04 2022 11:33:01
{"type":2,"message":"preg_match(): Compilation failed: invalid range in character class at offset 30","file":"\/var\/www\/vhosts\/graffersid.com\/httpdocs\/renaissa\/wp-content\/plugins\/nextgen-gallery\/products\/photocrati_nextgen\/modules\/router\/package.module.router.php","line":465}

May 04 2022 11:33:02
{"type":2,"message":"preg_match(): Compilation failed: invalid range in character class at offset 30","file":"\/var\/www\/vhosts\/graffersid.com\/httpdocs\/renaissa\/wp-content\/plugins\/nextgen-gallery\/products\/photocrati_nextgen\/modules\/router\/package.module.router.php","line":465}

May 12 2022 10:43:10
{"type":2,"message":"preg_match(): Compilation failed: invalid range in character class at offset 30","file":"\/var\/www\/vhosts\/graffersid.com\/httpdocs\/renaissa\/wp-content\/plugins\/nextgen-gallery\/products\/photocrati_nextgen\/modules\/router\/package.module.router.php","line":465}

May 12 2022 10:43:11
{"type":2,"message":"count(): Parameter must be an array or an object that implements Countable","file":"\/var\/www\/vhosts\/graffersid.com\/httpdocs\/renaissa\/wp-content\/plugins\/nextgen-gallery\/products\/photocrati_nextgen\/modules\/fs\/package.module.fs.php","line":255}

May 12 2022 10:43:12
{"type":2,"message":"preg_match(): Compilation failed: invalid range in character class at offset 30","file":"\/var\/www\/vhosts\/graffersid.com\/httpdocs\/renaissa\/wp-content\/plugins\/nextgen-gallery\/products\/photocrati_nextgen\/modules\/router\/package.module.router.php","line":465}

May 12 2022 10:43:12
{"type":2,"message":"preg_match(): Compilation failed: invalid range in character class at offset 30","file":"\/var\/www\/vhosts\/graffersid.com\/httpdocs\/renaissa\/wp-content\/plugins\/nextgen-gallery\/products\/photocrati_nextgen\/modules\/router\/package.module.router.php","line":465}

May 12 2022 10:43:16
{"type":2,"message":"preg_match(): Compilation failed: invalid range in character class at offset 30","file":"\/var\/www\/vhosts\/graffersid.com\/httpdocs\/renaissa\/wp-content\/plugins\/nextgen-gallery\/products\/photocrati_nextgen\/modules\/router\/package.module.router.php","line":465}

May 12 2022 10:43:27
{"type":2,"message":"preg_match(): Compilation failed: invalid range in character class at offset 30","file":"\/var\/www\/vhosts\/graffersid.com\/httpdocs\/renaissa\/wp-content\/plugins\/nextgen-gallery\/products\/photocrati_nextgen\/modules\/router\/package.module.router.php","line":465}

May 12 2022 10:43:38
{"type":2,"message":"preg_match(): Compilation failed: invalid range in character class at offset 30","file":"\/var\/www\/vhosts\/graffersid.com\/httpdocs\/renaissa\/wp-content\/plugins\/nextgen-gallery\/products\/photocrati_nextgen\/modules\/router\/package.module.router.php","line":465}

May 12 2022 10:43:49
{"type":2,"message":"preg_match(): Compilation failed: invalid range in character class at offset 30","file":"\/var\/www\/vhosts\/graffersid.com\/httpdocs\/renaissa\/wp-content\/plugins\/nextgen-gallery\/products\/photocrati_nextgen\/modules\/router\/package.module.router.php","line":465}

May 12 2022 10:43:54
{"type":2,"message":"preg_match(): Compilation failed: invalid range in character class at offset 30","file":"\/var\/www\/vhosts\/graffersid.com\/httpdocs\/renaissa\/wp-content\/plugins\/nextgen-gallery\/products\/photocrati_nextgen\/modules\/router\/package.module.router.php","line":465}

May 12 2022 10:44:03
{"type":2,"message":"preg_match(): Compilation failed: invalid range in character class at offset 30","file":"\/var\/www\/vhosts\/graffersid.com\/httpdocs\/renaissa\/wp-content\/plugins\/nextgen-gallery\/products\/photocrati_nextgen\/modules\/router\/package.module.router.php","line":465}

May 12 2022 10:44:04
{"type":2,"message":"preg_match(): Compilation failed: invalid range in character class at offset 30","file":"\/var\/www\/vhosts\/graffersid.com\/httpdocs\/renaissa\/wp-content\/plugins\/nextgen-gallery\/products\/photocrati_nextgen\/modules\/router\/package.module.router.php","line":465}

May 12 2022 10:44:05
{"type":2,"message":"preg_match(): Compilation failed: invalid range in character class at offset 30","file":"\/var\/www\/vhosts\/graffersid.com\/httpdocs\/renaissa\/wp-content\/plugins\/nextgen-gallery\/products\/photocrati_nextgen\/modules\/router\/package.module.router.php","line":465}

May 12 2022 10:44:06
{"type":2,"message":"preg_match(): Compilation failed: invalid range in character class at offset 30","file":"\/var\/www\/vhosts\/graffersid.com\/httpdocs\/renaissa\/wp-content\/plugins\/nextgen-gallery\/products\/photocrati_nextgen\/modules\/router\/package.module.router.php","line":465}

May 13 2022 05:57:41
{"type":2,"message":"preg_match(): Compilation failed: invalid range in character class at offset 30","file":"\/var\/www\/vhosts\/graffersid.com\/httpdocs\/renaissa\/wp-content\/plugins\/nextgen-gallery\/products\/photocrati_nextgen\/modules\/router\/package.module.router.php","line":465}

May 13 2022 05:57:42
{"type":2,"message":"preg_match(): Compilation failed: invalid range in character class at offset 30","file":"\/var\/www\/vhosts\/graffersid.com\/httpdocs\/renaissa\/wp-content\/plugins\/nextgen-gallery\/products\/photocrati_nextgen\/modules\/router\/package.module.router.php","line":465}

May 13 2022 05:57:42
{"type":2,"message":"count(): Parameter must be an array or an object that implements Countable","file":"\/var\/www\/vhosts\/graffersid.com\/httpdocs\/renaissa\/wp-content\/plugins\/nextgen-gallery\/products\/photocrati_nextgen\/modules\/fs\/package.module.fs.php","line":255}

May 13 2022 05:57:43
{"type":2,"message":"preg_match(): Compilation failed: invalid range in character class at offset 30","file":"\/var\/www\/vhosts\/graffersid.com\/httpdocs\/renaissa\/wp-content\/plugins\/nextgen-gallery\/products\/photocrati_nextgen\/modules\/router\/package.module.router.php","line":465}

May 13 2022 05:57:46
{"type":2,"message":"preg_match(): Compilation failed: invalid range in character class at offset 30","file":"\/var\/www\/vhosts\/graffersid.com\/httpdocs\/renaissa\/wp-content\/plugins\/nextgen-gallery\/products\/photocrati_nextgen\/modules\/router\/package.module.router.php","line":465}

May 13 2022 05:57:56
{"type":2,"message":"preg_match(): Compilation failed: invalid range in character class at offset 30","file":"\/var\/www\/vhosts\/graffersid.com\/httpdocs\/renaissa\/wp-content\/plugins\/nextgen-gallery\/products\/photocrati_nextgen\/modules\/router\/package.module.router.php","line":465}

May 13 2022 05:58:07
{"type":2,"message":"preg_match(): Compilation failed: invalid range in character class at offset 30","file":"\/var\/www\/vhosts\/graffersid.com\/httpdocs\/renaissa\/wp-content\/plugins\/nextgen-gallery\/products\/photocrati_nextgen\/modules\/router\/package.module.router.php","line":465}

May 13 2022 05:58:18
{"type":2,"message":"preg_match(): Compilation failed: invalid range in character class at offset 30","file":"\/var\/www\/vhosts\/graffersid.com\/httpdocs\/renaissa\/wp-content\/plugins\/nextgen-gallery\/products\/photocrati_nextgen\/modules\/router\/package.module.router.php","line":465}

May 13 2022 05:58:21
{"type":2,"message":"preg_match(): Compilation failed: invalid range in character class at offset 30","file":"\/var\/www\/vhosts\/graffersid.com\/httpdocs\/renaissa\/wp-content\/plugins\/nextgen-gallery\/products\/photocrati_nextgen\/modules\/router\/package.module.router.php","line":465}

May 13 2022 05:58:32
{"type":2,"message":"preg_match(): Compilation failed: invalid range in character class at offset 30","file":"\/var\/www\/vhosts\/graffersid.com\/httpdocs\/renaissa\/wp-content\/plugins\/nextgen-gallery\/products\/photocrati_nextgen\/modules\/router\/package.module.router.php","line":465}

May 13 2022 05:58:33
{"type":2,"message":"preg_match(): Compilation failed: invalid range in character class at offset 30","file":"\/var\/www\/vhosts\/graffersid.com\/httpdocs\/renaissa\/wp-content\/plugins\/nextgen-gallery\/products\/photocrati_nextgen\/modules\/router\/package.module.router.php","line":465}

May 13 2022 05:58:34
{"type":2,"message":"preg_match(): Compilation failed: invalid range in character class at offset 30","file":"\/var\/www\/vhosts\/graffersid.com\/httpdocs\/renaissa\/wp-content\/plugins\/nextgen-gallery\/products\/photocrati_nextgen\/modules\/router\/package.module.router.php","line":465}

May 13 2022 05:58:34
{"type":2,"message":"preg_match(): Compilation failed: invalid range in character class at offset 30","file":"\/var\/www\/vhosts\/graffersid.com\/httpdocs\/renaissa\/wp-content\/plugins\/nextgen-gallery\/products\/photocrati_nextgen\/modules\/router\/package.module.router.php","line":465}

May 13 2022 05:58:35
{"type":2,"message":"preg_match(): Compilation failed: invalid range in character class at offset 30","file":"\/var\/www\/vhosts\/graffersid.com\/httpdocs\/renaissa\/wp-content\/plugins\/nextgen-gallery\/products\/photocrati_nextgen\/modules\/router\/package.module.router.php","line":465}

